Build started 2017-05-08 12:22:14.
     1>Project "c:\Users\Sharas\documents\visual studio 2015\Projects\OpenCV_Digital\OpenCV_Digital.vcxproj" on node 2 (Build target(s)).
     1>ClCompile:
         C:\Program Files (x86)\Microsoft Visual Studio 14.0\VC\bin\CL.exe /c /ZI /nologo /W3 /WX- /sdl /Od /Oy- /D _MBCS /Gm /EHsc /RTC1 /MDd /GS /fp:precise /Zc:wchar_t /Zc:forScope /Zc:inline /Fo"Debug\\" /Fd"Debug\vc140.pdb" /Gd /TP /analyze- /errorReport:prompt PossibleChar.cpp Recognition.cpp
         Recognition.cpp
     1>c:\opencv-3.2.0\opencv\build\include\opencv2\imgproc.hpp(592): warning C4819: The file contains a character that cannot be represented in the current code page (1257). Save the file in Unicode format to prevent data loss
     1>c:\opencv-3.2.0\opencv\build\include\opencv2\imgproc.hpp(4028): warning C4819: The file contains a character that cannot be represented in the current code page (1257). Save the file in Unicode format to prevent data loss
     1>c:\users\sharas\documents\visual studio 2015\projects\opencv_digital\recognition.cpp(166): warning C4018: '<': signed/unsigned mismatch
     1>c:\users\sharas\documents\visual studio 2015\projects\opencv_digital\recognition.cpp(170): warning C4244: '=': conversion from 'double' to 'float', possible loss of data
     1>c:\users\sharas\documents\visual studio 2015\projects\opencv_digital\recognition.cpp(174): warning C4018: '<': signed/unsigned mismatch
     1>c:\users\sharas\documents\visual studio 2015\projects\opencv_digital\recognition.cpp(185): warning C4018: '<': signed/unsigned mismatch
         PossibleChar.cpp
     1>c:\opencv-3.2.0\opencv\build\include\opencv2\imgproc.hpp(592): warning C4819: The file contains a character that cannot be represented in the current code page (1257). Save the file in Unicode format to prevent data loss
     1>c:\opencv-3.2.0\opencv\build\include\opencv2\imgproc.hpp(4028): warning C4819: The file contains a character that cannot be represented in the current code page (1257). Save the file in Unicode format to prevent data loss
         Generating Code...
     1>c:\users\sharas\documents\visual studio 2015\projects\opencv_digital\recognition.cpp(39): warning C4715: 'ContourWithData::checkIfContourIsValid': not all control paths return a value
       Link:
         C:\Program Files (x86)\Microsoft Visual Studio 14.0\VC\bin\link.exe /ERRORREPORT:PROMPT /OUT:"c:\users\sharas\documents\visual studio 2015\Projects\OpenCV_Digital\Debug\OpenCV_Digital.exe" /INCREMENTAL /NOLOGO opencv_world320d.lib kernel32.lib user32.lib gdi32.lib winspool.lib comdlg32.lib advapi32.lib shell32.lib ole32.lib oleaut32.lib uuid.lib odbc32.lib odbccp32.lib /MANIFEST /MANIFESTUAC:"level='asInvoker' uiAccess='false'" /manifest:embed /Debug /PDB:"c:\users\sharas\documents\visual studio 2015\Projects\OpenCV_Digital\Debug\OpenCV_Digital.pdb" /TLBID:1 /DYNAMICBASE /NXCOMPAT /IMPLIB:"c:\users\sharas\documents\visual studio 2015\Projects\OpenCV_Digital\Debug\OpenCV_Digital.lib" /MACHINE:X86 Debug\PossibleChar.obj
         Debug\Recognition.obj
     1>opencv_world320d.lib(opencv_world320d.dll) : fatal error LNK1112: module machine type 'x64' conflicts with target machine type 'X86'
     1>Done Building Project "c:\Users\Sharas\documents\visual studio 2015\Projects\OpenCV_Digital\OpenCV_Digital.vcxproj" (Build target(s)) -- FAILED.

Build FAILED.

Time Elapsed 00:00:07.13
